C51 COMPILER V9.60.7.0   APP_KEY_TASK                                                      12/30/2025 16:01:48 PAGE 1   


C51 COMPILER V9.60.7.0, COMPILATION OF MODULE APP_KEY_TASK
OBJECT MODULE PLACED IN .\Objects\app_key_task.obj
COMPILER INVOKED BY: D:\keil\C51\BIN\C51.EXE user\app_key_task.c LARGE OPTIMIZE(8,SPEED) BROWSE INCDIR(.\lib;.\hardware;
                    -.\user;.\os) DEBUG OBJECTEXTEND PRINT(.\Listings\app_key_task.lst) TABS(2) OBJECT(.\Objects\app_key_task.obj)

line level    source

   1          #include "config.h"
   2          
   3          void key_task() _task_ key_task_num{
   4   1        while(1){
   5   2          key_scan();
   6   2          os_wait2(K_TMO,4);
   7   2        }
   8   1        
   9   1      }


MODULE INFORMATION:   STATIC OVERLAYABLE
   CODE SIZE        =     12    ----
   CONSTANT SIZE    =   ----    ----
   XDATA SIZE       =   ----    ----
   PDATA SIZE       =   ----    ----
   DATA SIZE        =   ----    ----
   IDATA SIZE       =   ----    ----
   BIT SIZE         =   ----    ----
END OF MODULE INFORMATION.


C51 COMPILATION COMPLETE.  0 WARNING(S),  0 ERROR(S)
