C51 COMPILER V9.60.7.0   APP_TRACK_TASK                                                    12/30/2025 16:01:49 PAGE 1   


C51 COMPILER V9.60.7.0, COMPILATION OF MODULE APP_TRACK_TASK
OBJECT MODULE PLACED IN .\Objects\app_track_task.obj
COMPILER INVOKED BY: D:\keil\C51\BIN\C51.EXE user\app_track_task.c LARGE OPTIMIZE(8,SPEED) BROWSE INCDIR(.\lib;.\hardwar
                    -e;.\user;.\os) DEBUG OBJECTEXTEND PRINT(.\Listings\app_track_task.lst) TABS(2) OBJECT(.\Objects\app_track_task.obj)

line level    source

   1          #include "config.h"
   2          
   3          
   4          void track_task() _task_ track_task_num{
   5   1        int pos=0,last_pos=1;
   6   1        while(1){
   7   2          if(V_NUM<10){
   8   3            motor_run(0,0);
   9   3            continue;
  10   3          }
  11   2      #if Ultrasonic_task
                  if(ultrasonic_get()<10){
                    motor_run(0,0);
                    continue;
                  }
              #endif  
  17   2          
  18   2          
  19   2          pos=track_scan();
  20   2          
  21   2          if(pos==last_pos){
  22   3            os_wait2(K_TMO,1);  
  23   3            //Delay10us();
  24   3            continue;
  25   3          }
  26   2          if(pos==0){
  27   3            motor_run(25,25);   
  28   3            last_pos=pos;
  29   3            //Delay10us();
  30   3          }
  31   2          else if(pos<0){
  32   3            motor_run(5,30);    
  33   3            last_pos=pos;
  34   3            //os_wait2(K_TMO,1);
  35   3          }
  36   2          else{
  37   3            motor_run(30,5);
  38   3            last_pos=pos;
  39   3            //os_wait2(K_TMO,1);
  40   3          }
  41   2          os_wait2(K_TMO,1);  
  42   2              
  43   2        }
  44   1      }


MODULE INFORMATION:   STATIC OVERLAYABLE
   CODE SIZE        =    191    ----
   CONSTANT SIZE    =   ----    ----
   XDATA SIZE       =   ----       4
   PDATA SIZE       =   ----    ----
   DATA SIZE        =   ----    ----
   IDATA SIZE       =   ----    ----
   BIT SIZE         =   ----    ----
C51 COMPILER V9.60.7.0   APP_TRACK_TASK                                                    12/30/2025 16:01:49 PAGE 2   

END OF MODULE INFORMATION.


C51 COMPILATION COMPLETE.  0 WARNING(S),  0 ERROR(S)
