C51 COMPILER V9.60.7.0   APP_BAT_TASK                                                      12/30/2025 16:01:48 PAGE 1   


C51 COMPILER V9.60.7.0, COMPILATION OF MODULE APP_BAT_TASK
OBJECT MODULE PLACED IN .\Objects\app_bat_task.obj
COMPILER INVOKED BY: D:\keil\C51\BIN\C51.EXE user\app_bat_task.c LARGE OPTIMIZE(8,SPEED) BROWSE INCDIR(.\lib;.\hardware;
                    -.\user;.\os) DEBUG OBJECTEXTEND PRINT(.\Listings\app_bat_task.lst) TABS(2) OBJECT(.\Objects\app_bat_task.obj)

line level    source

   1          #include "config.h"
   2          u8 i;
   3          void bat_task() _task_ bat_task_num{
   4   1        while(1){
   5   2          get_bat_v();
   6   2          printf("bat_v = %f\n",V_NUM);
   7   2            if(V_NUM<10){
   8   3              for(i=0;i<3;i++){
   9   4                buzzer_start();
  10   4                os_wait2(K_TMO,100);
  11   4                buzzer_stop();
  12   4                os_wait2(K_TMO,100);
  13   4              }   
  14   3            }
  15   2          os_wait2(K_TMO,200);
  16   2        }
  17   1      }


MODULE INFORMATION:   STATIC OVERLAYABLE
   CODE SIZE        =    104    ----
   CONSTANT SIZE    =     12    ----
   XDATA SIZE       =      1    ----
   PDATA SIZE       =   ----    ----
   DATA SIZE        =   ----    ----
   IDATA SIZE       =   ----    ----
   BIT SIZE         =   ----    ----
END OF MODULE INFORMATION.


C51 COMPILATION COMPLETE.  0 WARNING(S),  0 ERROR(S)
