C51 COMPILER V9.60.7.0   KEY                                                               12/30/2025 16:01:50 PAGE 1   


C51 COMPILER V9.60.7.0, COMPILATION OF MODULE KEY
OBJECT MODULE PLACED IN .\Objects\key.obj
COMPILER INVOKED BY: D:\keil\C51\BIN\C51.EXE hardware\key.c LARGE OPTIMIZE(8,SPEED) BROWSE INCDIR(.\lib;.\hardware;.\use
                    -r;.\os) DEBUG OBJECTEXTEND PRINT(.\Listings\key.lst) TABS(2) OBJECT(.\Objects\key.obj)

line level    source

   1          #include "key.h"
   2          
   3          void key_init(){
   4   1        GPIO_InitTypeDef key_GPIO;
   5   1      
   6   1        key_GPIO.Mode = GPIO_PullUp;
   7   1        key_GPIO.Pin = GPIO_Pin_5;
   8   1      
   9   1        GPIO_Inilize(GPIO_P0, &key_GPIO);
  10   1      
  11   1      }
  12          //加标记位
  13          //功能可以实现 非常消耗资源
  14          u8 key_last_state = 0;
  15          extern void key_down();
  16          extern void key_up();
  17          void key_scan(){
  18   1        //判断条件进行修改
  19   1        //if 判断当前的状态和上一次的状态
  20   1        //if 当前是抬起的上一次就是按下状态
  21   1        if(key == 1 && key_last_state == 0){
  22   2          //更新上一次的状态
  23   2          key_last_state = 1;
  24   2          key_up();
  25   2          
  26   2        //如果当前状态是按下，上一次的状态抬起
  27   2        }else if(key == 0&& key_last_state == 1){
  28   2          key_last_state = 0;
  29   2          key_down();
  30   2        }
  31   1      
  32   1      }


MODULE INFORMATION:   STATIC OVERLAYABLE
   CODE SIZE        =     50    ----
   CONSTANT SIZE    =   ----    ----
   XDATA SIZE       =      1       2
   PDATA SIZE       =   ----    ----
   DATA SIZE        =   ----    ----
   IDATA SIZE       =   ----    ----
   BIT SIZE         =   ----    ----
END OF MODULE INFORMATION.


C51 COMPILATION COMPLETE.  0 WARNING(S),  0 ERROR(S)
