C51 COMPILER V9.60.7.0   TRACK                                                             12/30/2025 16:01:50 PAGE 1   


C51 COMPILER V9.60.7.0, COMPILATION OF MODULE TRACK
OBJECT MODULE PLACED IN .\Objects\track.obj
COMPILER INVOKED BY: D:\keil\C51\BIN\C51.EXE hardware\track.c LARGE OPTIMIZE(8,SPEED) BROWSE INCDIR(.\lib;.\hardware;.\u
                    -ser;.\os) DEBUG OBJECTEXTEND PRINT(.\Listings\track.lst) TABS(2) OBJECT(.\Objects\track.obj)

line level    source

   1          #include "track.h"
   2          
   3          void track_gpio_init(){
   4   1        GPIO_InitTypeDef track_gpio;
   5   1        track_gpio.Mode=GPIO_PullUp;
   6   1        track_gpio.Pin=GPIO_Pin_0|GPIO_Pin_1|GPIO_Pin_2|GPIO_Pin_3|GPIO_Pin_4;
   7   1        GPIO_Inilize(GPIO_P0,&track_gpio);
   8   1      }
   9          
  10          int track_scan(){
  11   1        
  12   1        int sum=0;
  13   1        int cnt=0;
  14   1        if(RRIGHT==1){sum+=64;cnt++;}
  15   1        if(RIGHT==1){sum+=32;cnt++;}
  16   1        if(MID==1){cnt++;}
  17   1        if(LEFT==1){sum-=32;cnt++;}
  18   1        //if(LLEFT==1){sum-=64;cnt++;}
  19   1        printf("sum=%d, cnt=%d, pos=%d\n",sum,cnt,sum/cnt);
  20   1        if(cnt==0){return 0;}
  21   1        return sum/cnt;
  22   1      }


MODULE INFORMATION:   STATIC OVERLAYABLE
   CODE SIZE        =    217    ----
   CONSTANT SIZE    =     24    ----
   XDATA SIZE       =   ----       6
   PDATA SIZE       =   ----    ----
   DATA SIZE        =   ----    ----
   IDATA SIZE       =   ----    ----
   BIT SIZE         =   ----    ----
END OF MODULE INFORMATION.


C51 COMPILATION COMPLETE.  0 WARNING(S),  0 ERROR(S)
